{"/home/nemmar/Projects/growsari/api/src/env.js": {"path":"/home/nemmar/Projects/growsari/api/src/env.js","statementMap":{"0":{"start":{"line":1,"column":0},"end":{"line":1,"column":27}},"1":{"start":{"line":3,"column":0},"end":{"line":10,"column":2}}},"fnMap":{},"branchMap":{"0":{"loc":{"start":{"line":4,"column":12},"end":{"line":4,"column":36}},"type":"binary-expr","locations":[{"start":{"line":4,"column":12},"end":{"line":4,"column":28}},{"start":{"line":4,"column":32},"end":{"line":4,"column":36}}],"line":4},"1":{"loc":{"start":{"line":5,"column":11},"end":{"line":5,"column":45}},"type":"binary-expr","locations":[{"start":{"line":5,"column":11},"end":{"line":5,"column":30}},{"start":{"line":5,"column":34},"end":{"line":5,"column":45}}],"line":5},"2":{"loc":{"start":{"line":6,"column":11},"end":{"line":6,"column":40}},"type":"binary-expr","locations":[{"start":{"line":6,"column":11},"end":{"line":6,"column":30}},{"start":{"line":6,"column":34},"end":{"line":6,"column":40}}],"line":6},"3":{"loc":{"start":{"line":7,"column":15},"end":{"line":7,"column":52}},"type":"binary-expr","locations":[{"start":{"line":7,"column":15},"end":{"line":7,"column":38}},{"start":{"line":7,"column":42},"end":{"line":7,"column":52}}],"line":7},"4":{"loc":{"start":{"line":8,"column":11},"end":{"line":8,"column":44}},"type":"binary-expr","locations":[{"start":{"line":8,"column":11},"end":{"line":8,"column":30}},{"start":{"line":8,"column":34},"end":{"line":8,"column":44}}],"line":8},"5":{"loc":{"start":{"line":9,"column":14},"end":{"line":9,"column":54}},"type":"binary-expr","locations":[{"start":{"line":9,"column":14},"end":{"line":9,"column":36}},{"start":{"line":9,"column":40},"end":{"line":9,"column":54}}],"line":9}},"s":{"0":1,"1":1},"f":{},"b":{"0":[1,1],"1":[1,0],"2":[1,1],"3":[1,0],"4":[1,0],"5":[1,0]},"_coverageSchema":"1a1c01bbd47fc00a2c39e90264f33305004495a9","hash":"f6629bb7d56daa24c3fba47813af72e2e2c62349"}
,"/home/nemmar/Projects/growsari/api/src/datasources/appointment.js": {"path":"/home/nemmar/Projects/growsari/api/src/datasources/appointment.js","statementMap":{"0":{"start":{"line":2,"column":27},"end":{"line":2,"column":44}},"1":{"start":{"line":3,"column":23},"end":{"line":3,"column":51}},"2":{"start":{"line":5,"column":15},"end":{"line":5,"column":72}},"3":{"start":{"line":9,"column":4},"end":{"line":9,"column":12}},"4":{"start":{"line":10,"column":4},"end":{"line":10,"column":23}},"5":{"start":{"line":14,"column":4},"end":{"line":14,"column":34}},"6":{"start":{"line":22,"column":4},"end":{"line":37,"column":5}},"7":{"start":{"line":23,"column":18},"end":{"line":31,"column":8}},"8":{"start":{"line":33,"column":6},"end":{"line":33,"column":28}},"9":{"start":{"line":35,"column":6},"end":{"line":35,"column":27}},"10":{"start":{"line":36,"column":6},"end":{"line":36,"column":18}},"11":{"start":{"line":41,"column":4},"end":{"line":61,"column":5}},"12":{"start":{"line":42,"column":19},"end":{"line":51,"column":8}},"13":{"start":{"line":53,"column":6},"end":{"line":57,"column":8}},"14":{"start":{"line":59,"column":6},"end":{"line":59,"column":27}},"15":{"start":{"line":60,"column":6},"end":{"line":60,"column":18}},"16":{"start":{"line":65,"column":4},"end":{"line":78,"column":5}},"17":{"start":{"line":66,"column":18},"end":{"line":70,"column":8}},"18":{"start":{"line":72,"column":6},"end":{"line":72,"column":30}},"19":{"start":{"line":74,"column":6},"end":{"line":74,"column":18}},"20":{"start":{"line":76,"column":6},"end":{"line":76,"column":27}},"21":{"start":{"line":77,"column":6},"end":{"line":77,"column":19}},"22":{"start":{"line":82,"column":0},"end":{"line":82,"column":32}}},"fnMap":{"0":{"name":"(anonymous_0)","decl":{"start":{"line":8,"column":2},"end":{"line":8,"column":3}},"loc":{"start":{"line":8,"column":25},"end":{"line":11,"column":3}},"line":8},"1":{"name":"(anonymous_1)","decl":{"start":{"line":13,"column":2},"end":{"line":13,"column":3}},"loc":{"start":{"line":13,"column":21},"end":{"line":15,"column":3}},"line":13},"2":{"name":"(anonymous_2)","decl":{"start":{"line":17,"column":2},"end":{"line":17,"column":3}},"loc":{"start":{"line":21,"column":4},"end":{"line":38,"column":3}},"line":21},"3":{"name":"(anonymous_3)","decl":{"start":{"line":40,"column":2},"end":{"line":40,"column":3}},"loc":{"start":{"line":40,"column":48},"end":{"line":62,"column":3}},"line":40},"4":{"name":"(anonymous_4)","decl":{"start":{"line":64,"column":2},"end":{"line":64,"column":3}},"loc":{"start":{"line":64,"column":19},"end":{"line":79,"column":3}},"line":64}},"branchMap":{"0":{"loc":{"start":{"line":40,"column":31},"end":{"line":40,"column":44}},"type":"default-arg","locations":[{"start":{"line":40,"column":42},"end":{"line":40,"column":44}}],"line":40}},"s":{"0":2,"1":2,"2":2,"3":5,"4":5,"5":5,"6":3,"7":3,"8":3,"9":0,"10":0,"11":2,"12":2,"13":2,"14":0,"15":0,"16":2,"17":2,"18":2,"19":2,"20":0,"21":0,"22":2},"f":{"0":5,"1":5,"2":3,"3":2,"4":2},"b":{"0":[0]},"_coverageSchema":"1a1c01bbd47fc00a2c39e90264f33305004495a9","hash":"d03e51e99aee80dc13765526f77b9ebecb356ac8"}
,"/home/nemmar/Projects/growsari/api/src/datasources/auth.js": {"path":"/home/nemmar/Projects/growsari/api/src/datasources/auth.js","statementMap":{"0":{"start":{"line":1,"column":15},"end":{"line":1,"column":32}},"1":{"start":{"line":2,"column":23},"end":{"line":2,"column":51}},"2":{"start":{"line":3,"column":20},"end":{"line":3,"column":43}},"3":{"start":{"line":5,"column":25},"end":{"line":8,"column":1}},"4":{"start":{"line":12,"column":4},"end":{"line":12,"column":12}},"5":{"start":{"line":13,"column":4},"end":{"line":13,"column":23}},"6":{"start":{"line":17,"column":4},"end":{"line":51,"column":5}},"7":{"start":{"line":18,"column":19},"end":{"line":23,"column":8}},"8":{"start":{"line":25,"column":6},"end":{"line":27,"column":7}},"9":{"start":{"line":26,"column":8},"end":{"line":26,"column":32}},"10":{"start":{"line":29,"column":32},"end":{"line":29,"column":76}},"11":{"start":{"line":31,"column":6},"end":{"line":33,"column":7}},"12":{"start":{"line":32,"column":8},"end":{"line":32,"column":32}},"13":{"start":{"line":35,"column":6},"end":{"line":43,"column":8}},"14":{"start":{"line":46,"column":6},"end":{"line":46,"column":27}},"15":{"start":{"line":47,"column":6},"end":{"line":50,"column":8}},"16":{"start":{"line":55,"column":0},"end":{"line":55,"column":25}}},"fnMap":{"0":{"name":"(anonymous_0)","decl":{"start":{"line":11,"column":2},"end":{"line":11,"column":3}},"loc":{"start":{"line":11,"column":25},"end":{"line":14,"column":3}},"line":11},"1":{"name":"(anonymous_1)","decl":{"start":{"line":16,"column":2},"end":{"line":16,"column":3}},"loc":{"start":{"line":16,"column":38},"end":{"line":52,"column":3}},"line":16}},"branchMap":{"0":{"loc":{"start":{"line":25,"column":6},"end":{"line":27,"column":7}},"type":"if","locations":[{"start":{"line":25,"column":6},"end":{"line":27,"column":7}},{"start":{},"end":{}}],"line":25},"1":{"loc":{"start":{"line":31,"column":6},"end":{"line":33,"column":7}},"type":"if","locations":[{"start":{"line":31,"column":6},"end":{"line":33,"column":7}},{"start":{},"end":{}}],"line":31}},"s":{"0":1,"1":1,"2":1,"3":1,"4":3,"5":3,"6":2,"7":2,"8":2,"9":0,"10":2,"11":2,"12":1,"13":1,"14":0,"15":0,"16":1},"f":{"0":3,"1":2},"b":{"0":[0,2],"1":[1,1]},"_coverageSchema":"1a1c01bbd47fc00a2c39e90264f33305004495a9","hash":"38c401613316fee5fd3b1a17e93cfa3022ab1b00"}
,"/home/nemmar/Projects/growsari/api/src/datasources/user.js": {"path":"/home/nemmar/Projects/growsari/api/src/datasources/user.js","statementMap":{"0":{"start":{"line":1,"column":23},"end":{"line":1,"column":51}},"1":{"start":{"line":5,"column":4},"end":{"line":5,"column":12}},"2":{"start":{"line":6,"column":4},"end":{"line":6,"column":23}},"3":{"start":{"line":10,"column":17},"end":{"line":22,"column":6}},"4":{"start":{"line":24,"column":4},"end":{"line":28,"column":6}},"5":{"start":{"line":32,"column":0},"end":{"line":32,"column":25}}},"fnMap":{"0":{"name":"(anonymous_0)","decl":{"start":{"line":4,"column":2},"end":{"line":4,"column":3}},"loc":{"start":{"line":4,"column":25},"end":{"line":7,"column":3}},"line":4},"1":{"name":"(anonymous_1)","decl":{"start":{"line":9,"column":2},"end":{"line":9,"column":3}},"loc":{"start":{"line":9,"column":53},"end":{"line":29,"column":3}},"line":9}},"branchMap":{"0":{"loc":{"start":{"line":9,"column":36},"end":{"line":9,"column":49}},"type":"default-arg","locations":[{"start":{"line":9,"column":47},"end":{"line":9,"column":49}}],"line":9}},"s":{"0":2,"1":5,"2":5,"3":2,"4":2,"5":2},"f":{"0":5,"1":2},"b":{"0":[0]},"_coverageSchema":"1a1c01bbd47fc00a2c39e90264f33305004495a9","hash":"e3f4170f824174762857d85e07203d322d72e2eb"}
,"/home/nemmar/Projects/growsari/api/src/db/sequelize.config.js": {"path":"/home/nemmar/Projects/growsari/api/src/db/sequelize.config.js","statementMap":{"0":{"start":{"line":3,"column":4},"end":{"line":3,"column":21}},"1":{"start":{"line":5,"column":0},"end":{"line":11,"column":2}}},"fnMap":{},"branchMap":{},"s":{"0":1,"1":1},"f":{},"b":{},"_coverageSchema":"1a1c01bbd47fc00a2c39e90264f33305004495a9","hash":"7b55c518fe79e8e671c318a506451d6a1a0137ee"}
,"/home/nemmar/Projects/growsari/api/src/graphql/index.js": {"path":"/home/nemmar/Projects/growsari/api/src/graphql/index.js","statementMap":{"0":{"start":{"line":1,"column":22},"end":{"line":1,"column":44}},"1":{"start":{"line":2,"column":21},"end":{"line":2,"column":42}},"2":{"start":{"line":4,"column":0},"end":{"line":7,"column":2}}},"fnMap":{},"branchMap":{},"s":{"0":1,"1":1,"2":1},"f":{},"b":{},"_coverageSchema":"1a1c01bbd47fc00a2c39e90264f33305004495a9","hash":"669f2b8c408fbb4bf121cc9e727b04726c105647"}
,"/home/nemmar/Projects/growsari/api/src/graphql/resolvers.js": {"path":"/home/nemmar/Projects/growsari/api/src/graphql/resolvers.js","statementMap":{"0":{"start":{"line":2,"column":18},"end":{"line":12,"column":1}},"1":{"start":{"line":4,"column":43},"end":{"line":4,"column":88}},"2":{"start":{"line":5,"column":58},"end":{"line":5,"column":110}},"3":{"start":{"line":8,"column":41},"end":{"line":8,"column":72}},"4":{"start":{"line":9,"column":59},"end":{"line":9,"column":109}},"5":{"start":{"line":10,"column":53},"end":{"line":10,"column":95}},"6":{"start":{"line":14,"column":0},"end":{"line":16,"column":2}}},"fnMap":{"0":{"name":"(anonymous_0)","decl":{"start":{"line":4,"column":13},"end":{"line":4,"column":14}},"loc":{"start":{"line":4,"column":43},"end":{"line":4,"column":88}},"line":4},"1":{"name":"(anonymous_1)","decl":{"start":{"line":5,"column":20},"end":{"line":5,"column":21}},"loc":{"start":{"line":5,"column":58},"end":{"line":5,"column":110}},"line":5},"2":{"name":"(anonymous_2)","decl":{"start":{"line":8,"column":11},"end":{"line":8,"column":12}},"loc":{"start":{"line":8,"column":41},"end":{"line":8,"column":72}},"line":8},"3":{"name":"(anonymous_3)","decl":{"start":{"line":9,"column":21},"end":{"line":9,"column":22}},"loc":{"start":{"line":9,"column":59},"end":{"line":9,"column":109}},"line":9},"4":{"name":"(anonymous_4)","decl":{"start":{"line":10,"column":23},"end":{"line":10,"column":24}},"loc":{"start":{"line":10,"column":53},"end":{"line":10,"column":95}},"line":10}},"branchMap":{},"s":{"0":1,"1":0,"2":0,"3":2,"4":1,"5":0,"6":1},"f":{"0":0,"1":0,"2":2,"3":1,"4":0},"b":{},"_coverageSchema":"1a1c01bbd47fc00a2c39e90264f33305004495a9","hash":"d0ea3180d032cdfa60f9fb2443d6e925bee71d4d"}
,"/home/nemmar/Projects/growsari/api/src/graphql/server.js": {"path":"/home/nemmar/Projects/growsari/api/src/graphql/server.js","statementMap":{"0":{"start":{"line":1,"column":25},"end":{"line":1,"column":49}},"1":{"start":{"line":2,"column":28},"end":{"line":2,"column":57}},"2":{"start":{"line":3,"column":33},"end":{"line":3,"column":65}},"3":{"start":{"line":4,"column":15},"end":{"line":4,"column":35}},"4":{"start":{"line":5,"column":32},"end":{"line":5,"column":44}},"5":{"start":{"line":6,"column":20},"end":{"line":6,"column":39}},"6":{"start":{"line":7,"column":22},"end":{"line":7,"column":45}},"7":{"start":{"line":9,"column":16},"end":{"line":9,"column":46}},"8":{"start":{"line":10,"column":16},"end":{"line":10,"column":46}},"9":{"start":{"line":11,"column":23},"end":{"line":11,"column":60}},"10":{"start":{"line":13,"column":15},"end":{"line":16,"column":2}},"11":{"start":{"line":18,"column":24},"end":{"line":63,"column":1}},"12":{"start":{"line":19,"column":18},"end":{"line":19,"column":48}},"13":{"start":{"line":20,"column":25},"end":{"line":20,"column":62}},"14":{"start":{"line":21,"column":18},"end":{"line":21,"column":48}},"15":{"start":{"line":23,"column":17},"end":{"line":55,"column":4}},"16":{"start":{"line":25,"column":24},"end":{"line":29,"column":5}},"17":{"start":{"line":33,"column":22},"end":{"line":33,"column":26}},"18":{"start":{"line":34,"column":6},"end":{"line":48,"column":7}},"19":{"start":{"line":35,"column":27},"end":{"line":35,"column":63}},"20":{"start":{"line":37,"column":24},"end":{"line":37,"column":40}},"21":{"start":{"line":38,"column":8},"end":{"line":47,"column":9}},"22":{"start":{"line":39,"column":23},"end":{"line":43,"column":12}},"23":{"start":{"line":44,"column":10},"end":{"line":46,"column":12}},"24":{"start":{"line":50,"column":6},"end":{"line":53,"column":8}},"25":{"start":{"line":57,"column":2},"end":{"line":62,"column":4}},"26":{"start":{"line":65,"column":0},"end":{"line":65,"column":33}}},"fnMap":{"0":{"name":"(anonymous_0)","decl":{"start":{"line":18,"column":24},"end":{"line":18,"column":25}},"loc":{"start":{"line":18,"column":34},"end":{"line":63,"column":1}},"line":18},"1":{"name":"(anonymous_1)","decl":{"start":{"line":25,"column":17},"end":{"line":25,"column":18}},"loc":{"start":{"line":25,"column":24},"end":{"line":29,"column":5}},"line":25},"2":{"name":"(anonymous_2)","decl":{"start":{"line":32,"column":40},"end":{"line":32,"column":41}},"loc":{"start":{"line":32,"column":56},"end":{"line":54,"column":5}},"line":32}},"branchMap":{"0":{"loc":{"start":{"line":32,"column":13},"end":{"line":54,"column":6}},"type":"binary-expr","locations":[{"start":{"line":32,"column":14},"end":{"line":32,"column":18}},{"start":{"line":32,"column":22},"end":{"line":32,"column":34}},{"start":{"line":32,"column":40},"end":{"line":54,"column":5}}],"line":32},"1":{"loc":{"start":{"line":34,"column":6},"end":{"line":48,"column":7}},"type":"if","locations":[{"start":{"line":34,"column":6},"end":{"line":48,"column":7}},{"start":{},"end":{}}],"line":34},"2":{"loc":{"start":{"line":34,"column":10},"end":{"line":34,"column":42}},"type":"binary-expr","locations":[{"start":{"line":34,"column":10},"end":{"line":34,"column":13}},{"start":{"line":34,"column":17},"end":{"line":34,"column":42}}],"line":34},"3":{"loc":{"start":{"line":38,"column":8},"end":{"line":47,"column":9}},"type":"if","locations":[{"start":{"line":38,"column":8},"end":{"line":47,"column":9}},{"start":{},"end":{}}],"line":38}},"s":{"0":1,"1":1,"2":1,"3":1,"4":1,"5":1,"6":1,"7":1,"8":1,"9":1,"10":1,"11":1,"12":3,"13":3,"14":3,"15":3,"16":3,"17":2,"18":2,"19":0,"20":0,"21":0,"22":0,"23":0,"24":2,"25":3,"26":1},"f":{"0":3,"1":3,"2":2},"b":{"0":[3,1,2],"1":[0,2],"2":[2,0],"3":[0,0]},"_coverageSchema":"1a1c01bbd47fc00a2c39e90264f33305004495a9","hash":"47c505fd10be44908778bdb3791d51d1c3b187a7"}
,"/home/nemmar/Projects/growsari/api/src/graphql/shield.js": {"path":"/home/nemmar/Projects/growsari/api/src/graphql/shield.js","statementMap":{"0":{"start":{"line":3,"column":4},"end":{"line":3,"column":29}},"1":{"start":{"line":5,"column":24},"end":{"line":5,"column":78}},"2":{"start":{"line":5,"column":60},"end":{"line":5,"column":77}},"3":{"start":{"line":8,"column":20},"end":{"line":17,"column":2}},"4":{"start":{"line":19,"column":0},"end":{"line":19,"column":29}}},"fnMap":{"0":{"name":"(anonymous_0)","decl":{"start":{"line":5,"column":31},"end":{"line":5,"column":32}},"loc":{"start":{"line":5,"column":60},"end":{"line":5,"column":77}},"line":5}},"branchMap":{},"s":{"0":1,"1":1,"2":1,"3":1,"4":1},"f":{"0":1},"b":{},"_coverageSchema":"1a1c01bbd47fc00a2c39e90264f33305004495a9","hash":"8d6ebd5fd2a931e4fab22ffb53673474e5665492"}
,"/home/nemmar/Projects/growsari/api/src/graphql/typeDefs.js": {"path":"/home/nemmar/Projects/growsari/api/src/graphql/typeDefs.js","statementMap":{"0":{"start":{"line":1,"column":16},"end":{"line":1,"column":40}},"1":{"start":{"line":6,"column":17},"end":{"line":76,"column":1}},"2":{"start":{"line":78,"column":0},"end":{"line":80,"column":2}}},"fnMap":{},"branchMap":{},"s":{"0":1,"1":1,"2":1},"f":{},"b":{},"_coverageSchema":"1a1c01bbd47fc00a2c39e90264f33305004495a9","hash":"5430a490ed89bff3562d0c44d7bed375f00a8e68"}
,"/home/nemmar/Projects/growsari/api/src/models/appointment.js": {"path":"/home/nemmar/Projects/growsari/api/src/models/appointment.js","statementMap":{"0":{"start":{"line":3,"column":4},"end":{"line":3,"column":24}},"1":{"start":{"line":5,"column":0},"end":{"line":32,"column":2}},"2":{"start":{"line":13,"column":6},"end":{"line":13,"column":104}},"3":{"start":{"line":16,"column":2},"end":{"line":30,"column":5}},"4":{"start":{"line":31,"column":2},"end":{"line":31,"column":21}}},"fnMap":{"0":{"name":"(anonymous_0)","decl":{"start":{"line":5,"column":17},"end":{"line":5,"column":18}},"loc":{"start":{"line":5,"column":43},"end":{"line":32,"column":1}},"line":5},"1":{"name":"(anonymous_1)","decl":{"start":{"line":12,"column":4},"end":{"line":12,"column":5}},"loc":{"start":{"line":12,"column":29},"end":{"line":14,"column":5}},"line":12}},"branchMap":{},"s":{"0":1,"1":1,"2":1,"3":1,"4":1},"f":{"0":1,"1":1},"b":{},"_coverageSchema":"1a1c01bbd47fc00a2c39e90264f33305004495a9","hash":"653b13668107e98f96c718e3179a4c8560abd20c"}
,"/home/nemmar/Projects/growsari/api/src/models/group.js": {"path":"/home/nemmar/Projects/growsari/api/src/models/group.js","statementMap":{"0":{"start":{"line":3,"column":4},"end":{"line":3,"column":24}},"1":{"start":{"line":5,"column":0},"end":{"line":24,"column":2}},"2":{"start":{"line":16,"column":2},"end":{"line":22,"column":5}},"3":{"start":{"line":23,"column":2},"end":{"line":23,"column":15}}},"fnMap":{"0":{"name":"(anonymous_0)","decl":{"start":{"line":5,"column":17},"end":{"line":5,"column":18}},"loc":{"start":{"line":5,"column":43},"end":{"line":24,"column":1}},"line":5},"1":{"name":"(anonymous_1)","decl":{"start":{"line":12,"column":4},"end":{"line":12,"column":5}},"loc":{"start":{"line":12,"column":29},"end":{"line":14,"column":5}},"line":12}},"branchMap":{},"s":{"0":1,"1":1,"2":1,"3":1},"f":{"0":1,"1":1},"b":{},"_coverageSchema":"1a1c01bbd47fc00a2c39e90264f33305004495a9","hash":"73ddf77dd1466b48670263c1684c225af47f0103"}
,"/home/nemmar/Projects/growsari/api/src/models/index.js": {"path":"/home/nemmar/Projects/growsari/api/src/models/index.js","statementMap":{"0":{"start":{"line":3,"column":11},"end":{"line":3,"column":24}},"1":{"start":{"line":4,"column":13},"end":{"line":4,"column":28}},"2":{"start":{"line":5,"column":18},"end":{"line":5,"column":38}},"3":{"start":{"line":7,"column":17},"end":{"line":7,"column":42}},"4":{"start":{"line":8,"column":15},"end":{"line":8,"column":64}},"5":{"start":{"line":9,"column":11},"end":{"line":9,"column":13}},"6":{"start":{"line":11,"column":18},"end":{"line":11,"column":90}},"7":{"start":{"line":13,"column":0},"end":{"line":19,"column":5}},"8":{"start":{"line":15,"column":20},"end":{"line":15,"column":98}},"9":{"start":{"line":17,"column":18},"end":{"line":17,"column":85}},"10":{"start":{"line":18,"column":4},"end":{"line":18,"column":27}},"11":{"start":{"line":21,"column":0},"end":{"line":25,"column":3}},"12":{"start":{"line":22,"column":2},"end":{"line":24,"column":3}},"13":{"start":{"line":23,"column":4},"end":{"line":23,"column":32}},"14":{"start":{"line":27,"column":0},"end":{"line":27,"column":25}},"15":{"start":{"line":28,"column":0},"end":{"line":28,"column":25}},"16":{"start":{"line":30,"column":0},"end":{"line":30,"column":20}}},"fnMap":{"0":{"name":"(anonymous_0)","decl":{"start":{"line":15,"column":10},"end":{"line":15,"column":11}},"loc":{"start":{"line":15,"column":20},"end":{"line":15,"column":98}},"line":15},"1":{"name":"(anonymous_1)","decl":{"start":{"line":16,"column":11},"end":{"line":16,"column":12}},"loc":{"start":{"line":16,"column":21},"end":{"line":19,"column":3}},"line":16},"2":{"name":"(anonymous_2)","decl":{"start":{"line":21,"column":24},"end":{"line":21,"column":25}},"loc":{"start":{"line":21,"column":39},"end":{"line":25,"column":1}},"line":21}},"branchMap":{"0":{"loc":{"start":{"line":15,"column":20},"end":{"line":15,"column":98}},"type":"binary-expr","locations":[{"start":{"line":15,"column":21},"end":{"line":15,"column":44}},{"start":{"line":15,"column":50},"end":{"line":15,"column":67}},{"start":{"line":15,"column":73},"end":{"line":15,"column":97}}],"line":15},"1":{"loc":{"start":{"line":22,"column":2},"end":{"line":24,"column":3}},"type":"if","locations":[{"start":{"line":22,"column":2},"end":{"line":24,"column":3}},{"start":{},"end":{}}],"line":22}},"s":{"0":1,"1":1,"2":1,"3":1,"4":1,"5":1,"6":1,"7":1,"8":5,"9":4,"10":4,"11":1,"12":4,"13":4,"14":1,"15":1,"16":1},"f":{"0":5,"1":4,"2":4},"b":{"0":[5,5,4],"1":[4,0]},"_coverageSchema":"1a1c01bbd47fc00a2c39e90264f33305004495a9","hash":"06ceda2ad0a4f02020494d17d12b334dfd4d744a"}
,"/home/nemmar/Projects/growsari/api/src/models/user.js": {"path":"/home/nemmar/Projects/growsari/api/src/models/user.js","statementMap":{"0":{"start":{"line":3,"column":4},"end":{"line":3,"column":24}},"1":{"start":{"line":5,"column":15},"end":{"line":5,"column":32}},"2":{"start":{"line":7,"column":0},"end":{"line":42,"column":2}},"3":{"start":{"line":15,"column":6},"end":{"line":15,"column":87}},"4":{"start":{"line":18,"column":2},"end":{"line":35,"column":5}},"5":{"start":{"line":36,"column":2},"end":{"line":40,"column":5}},"6":{"start":{"line":37,"column":27},"end":{"line":37,"column":59}},"7":{"start":{"line":39,"column":4},"end":{"line":39,"column":35}},"8":{"start":{"line":41,"column":2},"end":{"line":41,"column":14}}},"fnMap":{"0":{"name":"(anonymous_0)","decl":{"start":{"line":7,"column":17},"end":{"line":7,"column":18}},"loc":{"start":{"line":7,"column":43},"end":{"line":42,"column":1}},"line":7},"1":{"name":"(anonymous_1)","decl":{"start":{"line":14,"column":4},"end":{"line":14,"column":5}},"loc":{"start":{"line":14,"column":29},"end":{"line":16,"column":5}},"line":14},"2":{"name":"(anonymous_2)","decl":{"start":{"line":36,"column":18},"end":{"line":36,"column":19}},"loc":{"start":{"line":36,"column":34},"end":{"line":40,"column":3}},"line":36}},"branchMap":{},"s":{"0":1,"1":1,"2":1,"3":1,"4":1,"5":1,"6":0,"7":0,"8":1},"f":{"0":1,"1":1,"2":0},"b":{},"_coverageSchema":"1a1c01bbd47fc00a2c39e90264f33305004495a9","hash":"1d684964c4ae770cd4aaaeb71fc857b55d3b5f00"}
,"/home/nemmar/Projects/growsari/api/src/models/usergroup.js": {"path":"/home/nemmar/Projects/growsari/api/src/models/usergroup.js","statementMap":{"0":{"start":{"line":3,"column":4},"end":{"line":3,"column":24}},"1":{"start":{"line":5,"column":0},"end":{"line":24,"column":2}},"2":{"start":{"line":16,"column":2},"end":{"line":22,"column":5}},"3":{"start":{"line":23,"column":2},"end":{"line":23,"column":19}}},"fnMap":{"0":{"name":"(anonymous_0)","decl":{"start":{"line":5,"column":17},"end":{"line":5,"column":18}},"loc":{"start":{"line":5,"column":43},"end":{"line":24,"column":1}},"line":5},"1":{"name":"(anonymous_1)","decl":{"start":{"line":12,"column":4},"end":{"line":12,"column":5}},"loc":{"start":{"line":12,"column":29},"end":{"line":14,"column":5}},"line":12}},"branchMap":{},"s":{"0":1,"1":1,"2":1,"3":1},"f":{"0":1,"1":1},"b":{},"_coverageSchema":"1a1c01bbd47fc00a2c39e90264f33305004495a9","hash":"261ea1af9c2e5979ae29fde457e2a0fea26891ee"}
,"/home/nemmar/Projects/growsari/api/src/utils/jwt.js": {"path":"/home/nemmar/Projects/growsari/api/src/utils/jwt.js","statementMap":{"0":{"start":{"line":1,"column":12},"end":{"line":1,"column":35}},"1":{"start":{"line":2,"column":23},"end":{"line":2,"column":40}},"2":{"start":{"line":4,"column":0},"end":{"line":18,"column":2}},"3":{"start":{"line":6,"column":18},"end":{"line":6,"column":44}},"4":{"start":{"line":7,"column":4},"end":{"line":7,"column":17}},"5":{"start":{"line":10,"column":4},"end":{"line":16,"column":5}},"6":{"start":{"line":11,"column":22},"end":{"line":11,"column":55}},"7":{"start":{"line":12,"column":6},"end":{"line":12,"column":21}},"8":{"start":{"line":14,"column":6},"end":{"line":14,"column":27}},"9":{"start":{"line":15,"column":6},"end":{"line":15,"column":37}}},"fnMap":{"0":{"name":"(anonymous_0)","decl":{"start":{"line":5,"column":11},"end":{"line":5,"column":12}},"loc":{"start":{"line":5,"column":21},"end":{"line":8,"column":3}},"line":5},"1":{"name":"(anonymous_1)","decl":{"start":{"line":9,"column":13},"end":{"line":9,"column":14}},"loc":{"start":{"line":9,"column":28},"end":{"line":17,"column":3}},"line":9}},"branchMap":{},"s":{"0":1,"1":1,"2":1,"3":1,"4":1,"5":0,"6":0,"7":0,"8":0,"9":0},"f":{"0":1,"1":0},"b":{},"_coverageSchema":"1a1c01bbd47fc00a2c39e90264f33305004495a9","hash":"e693889b657980bc3742b14ff7f1be1ed0894374"}
}
