TN:
SF:src/env.js
FNF:0
FNH:0
DA:1,1
DA:3,1
LF:2
LH:2
BRDA:4,0,0,1
BRDA:4,0,1,1
BRDA:5,1,0,1
BRDA:5,1,1,0
BRDA:6,2,0,1
BRDA:6,2,1,1
BRDA:7,3,0,1
BRDA:7,3,1,0
BRDA:8,4,0,1
BRDA:8,4,1,0
BRDA:9,5,0,1
BRDA:9,5,1,0
BRF:12
BRH:8
end_of_record
TN:
SF:src/datasources/appointment.js
FN:8,(anonymous_0)
FN:13,(anonymous_1)
FN:17,(anonymous_2)
FN:40,(anonymous_3)
FN:64,(anonymous_4)
FNF:5
FNH:5
FNDA:5,(anonymous_0)
FNDA:5,(anonymous_1)
FNDA:3,(anonymous_2)
FNDA:2,(anonymous_3)
FNDA:2,(anonymous_4)
DA:2,2
DA:3,2
DA:5,2
DA:9,5
DA:10,5
DA:14,5
DA:22,3
DA:23,3
DA:33,3
DA:35,0
DA:36,0
DA:41,2
DA:42,2
DA:53,2
DA:59,0
DA:60,0
DA:65,2
DA:66,2
DA:72,2
DA:74,2
DA:76,0
DA:77,0
DA:82,2
LF:23
LH:17
BRDA:40,0,0,0
BRF:1
BRH:0
end_of_record
TN:
SF:src/datasources/auth.js
FN:11,(anonymous_0)
FN:16,(anonymous_1)
FNF:2
FNH:2
FNDA:3,(anonymous_0)
FNDA:2,(anonymous_1)
DA:1,1
DA:2,1
DA:3,1
DA:5,1
DA:12,3
DA:13,3
DA:17,2
DA:18,2
DA:25,2
DA:26,0
DA:29,2
DA:31,2
DA:32,1
DA:35,1
DA:46,0
DA:47,0
DA:55,1
LF:17
LH:14
BRDA:25,0,0,0
BRDA:25,0,1,2
BRDA:31,1,0,1
BRDA:31,1,1,1
BRF:4
BRH:3
end_of_record
TN:
SF:src/datasources/user.js
FN:4,(anonymous_0)
FN:9,(anonymous_1)
FNF:2
FNH:2
FNDA:5,(anonymous_0)
FNDA:2,(anonymous_1)
DA:1,2
DA:5,5
DA:6,5
DA:10,2
DA:24,2
DA:32,2
LF:6
LH:6
BRDA:9,0,0,0
BRF:1
BRH:0
end_of_record
TN:
SF:src/db/sequelize.config.js
FNF:0
FNH:0
DA:3,1
DA:5,1
LF:2
LH:2
BRF:0
BRH:0
end_of_record
TN:
SF:src/graphql/index.js
FNF:0
FNH:0
DA:1,1
DA:2,1
DA:4,1
LF:3
LH:3
BRF:0
BRH:0
end_of_record
TN:
SF:src/graphql/resolvers.js
FN:4,(anonymous_0)
FN:5,(anonymous_1)
FN:8,(anonymous_2)
FN:9,(anonymous_3)
FN:10,(anonymous_4)
FNF:5
FNH:2
FNDA:0,(anonymous_0)
FNDA:0,(anonymous_1)
FNDA:2,(anonymous_2)
FNDA:1,(anonymous_3)
FNDA:0,(anonymous_4)
DA:2,1
DA:4,0
DA:5,0
DA:8,2
DA:9,1
DA:10,0
DA:14,1
LF:7
LH:4
BRF:0
BRH:0
end_of_record
TN:
SF:src/graphql/server.js
FN:18,(anonymous_0)
FN:25,(anonymous_1)
FN:32,(anonymous_2)
FNF:3
FNH:3
FNDA:3,(anonymous_0)
FNDA:3,(anonymous_1)
FNDA:2,(anonymous_2)
DA:1,1
DA:2,1
DA:3,1
DA:4,1
DA:5,1
DA:6,1
DA:7,1
DA:9,1
DA:10,1
DA:11,1
DA:13,1
DA:18,1
DA:19,3
DA:20,3
DA:21,3
DA:23,3
DA:25,3
DA:33,2
DA:34,2
DA:35,0
DA:37,0
DA:38,0
DA:39,0
DA:44,0
DA:50,2
DA:57,3
DA:65,1
LF:27
LH:22
BRDA:32,0,0,3
BRDA:32,0,1,1
BRDA:32,0,2,2
BRDA:34,1,0,0
BRDA:34,1,1,2
BRDA:34,2,0,2
BRDA:34,2,1,0
BRDA:38,3,0,0
BRDA:38,3,1,0
BRF:9
BRH:5
end_of_record
TN:
SF:src/graphql/shield.js
FN:5,(anonymous_0)
FNF:1
FNH:1
FNDA:1,(anonymous_0)
DA:3,1
DA:5,1
DA:8,1
DA:19,1
LF:4
LH:4
BRF:0
BRH:0
end_of_record
TN:
SF:src/graphql/typeDefs.js
FNF:0
FNH:0
DA:1,1
DA:6,1
DA:78,1
LF:3
LH:3
BRF:0
BRH:0
end_of_record
TN:
SF:src/models/appointment.js
FN:5,(anonymous_0)
FN:12,(anonymous_1)
FNF:2
FNH:2
FNDA:1,(anonymous_0)
FNDA:1,(anonymous_1)
DA:3,1
DA:5,1
DA:13,1
DA:16,1
DA:31,1
LF:5
LH:5
BRF:0
BRH:0
end_of_record
TN:
SF:src/models/group.js
FN:5,(anonymous_0)
FN:12,(anonymous_1)
FNF:2
FNH:2
FNDA:1,(anonymous_0)
FNDA:1,(anonymous_1)
DA:3,1
DA:5,1
DA:16,1
DA:23,1
LF:4
LH:4
BRF:0
BRH:0
end_of_record
TN:
SF:src/models/index.js
FN:15,(anonymous_0)
FN:16,(anonymous_1)
FN:21,(anonymous_2)
FNF:3
FNH:3
FNDA:5,(anonymous_0)
FNDA:4,(anonymous_1)
FNDA:4,(anonymous_2)
DA:3,1
DA:4,1
DA:5,1
DA:7,1
DA:8,1
DA:9,1
DA:11,1
DA:13,1
DA:15,5
DA:17,4
DA:18,4
DA:21,1
DA:22,4
DA:23,4
DA:27,1
DA:28,1
DA:30,1
LF:17
LH:17
BRDA:15,0,0,5
BRDA:15,0,1,5
BRDA:15,0,2,4
BRDA:22,1,0,4
BRDA:22,1,1,0
BRF:5
BRH:4
end_of_record
TN:
SF:src/models/user.js
FN:7,(anonymous_0)
FN:14,(anonymous_1)
FN:36,(anonymous_2)
FNF:3
FNH:2
FNDA:1,(anonymous_0)
FNDA:1,(anonymous_1)
FNDA:0,(anonymous_2)
DA:3,1
DA:5,1
DA:7,1
DA:15,1
DA:18,1
DA:36,1
DA:37,0
DA:39,0
DA:41,1
LF:9
LH:7
BRF:0
BRH:0
end_of_record
TN:
SF:src/models/usergroup.js
FN:5,(anonymous_0)
FN:12,(anonymous_1)
FNF:2
FNH:2
FNDA:1,(anonymous_0)
FNDA:1,(anonymous_1)
DA:3,1
DA:5,1
DA:16,1
DA:23,1
LF:4
LH:4
BRF:0
BRH:0
end_of_record
TN:
SF:src/utils/jwt.js
FN:5,(anonymous_0)
FN:9,(anonymous_1)
FNF:2
FNH:1
FNDA:1,(anonymous_0)
FNDA:0,(anonymous_1)
DA:1,1
DA:2,1
DA:4,1
DA:6,1
DA:7,1
DA:10,0
DA:11,0
DA:12,0
DA:14,0
DA:15,0
LF:10
LH:5
BRF:0
BRH:0
end_of_record
